TN:
SF:/home/tanawin-wd/LLM_unit_test/pi_temp_control/src/PIController.cpp
FN:3,_ZN12PIControllerC2Eddd
FN:6,_ZN12PIController7computeEd
FNDA:1,_ZN12PIController7computeEd
FNDA:1,_ZN12PIControllerC2Eddd
FNF:2
FNH:2
DA:3,1
DA:4,1
DA:6,1
DA:7,1
DA:8,1
DA:10,1
DA:11,1
DA:13,1
DA:15,1
DA:16,1
LF:10
LH:10
end_of_record
TN:
SF:/home/tanawin-wd/LLM_unit_test/pi_temp_control/test/test_pi_controller.cpp
FN:5,_Z16testPIControllerv
FN:19,main
FNDA:1,_Z16testPIControllerv
FNDA:1,main
FNF:2
FNH:2
DA:5,1
DA:6,1
DA:7,1
DA:8,1
DA:9,1
DA:11,1
DA:12,1
DA:15,1
DA:16,1
DA:17,1
DA:19,1
DA:20,1
DA:21,1
DA:22,1
LF:14
LH:14
end_of_record
